# JRE version: Java(TM) SE Runtime Environment (8.0_92-b14) (build 1.8.0_92-b14)
# Java VM: Java HotSpot(TM) Client VM (25.92-b14 mixed mode windows-x86 )
Heap:
 def new generation   total 39424K, used 18929K [0x10200000, 0x12cc0000, 0x1aca0000)
  eden space 35072K,  49% used [0x10200000, 0x11309da0, 0x12440000)
  from space 4352K,  34% used [0x12880000, 0x129f2988, 0x12cc0000)
  to   space 4352K,   0% used [0x12440000, 0x12440000, 0x12880000)
 tenured generation   total 87424K, used 52774K [0x1aca0000, 0x20200000, 0x30200000)
   the space 87424K,  60% used [0x1aca0000, 0x1e029b98, 0x1e029c00, 0x20200000)
 Metaspace       used 18663K, capacity 19126K, committed 19200K, reserved 19840K
GC Heap History (10 events):
Event: 6.862 GC heap before
{Heap before GC invocations=7 (full 1):
 def new generation   total 39424K, used 39424K [0x10200000, 0x12cc0000, 0x1aca0000)
  eden space 35072K, 100% used [0x10200000, 0x12440000, 0x12440000)
  from space 4352K, 100% used [0x12440000, 0x12880000, 0x12880000)
  to   space 4352K,   0% used [0x12880000, 0x12880000, 0x12cc0000)
 tenured generation   total 87424K, used 31358K [0x1aca0000, 0x20200000, 0x30200000)
   the space 87424K,  35% used [0x1aca0000, 0x1cb3f9f8, 0x1cb3fa00, 0x20200000)
 Metaspace       used 17100K, capacity 17485K, committed 17664K, reserved 17792K
Event: 6.893 GC heap after
Heap after GC invocations=8 (full 1):
 def new generation   total 39424K, used 4352K [0x10200000, 0x12cc0000, 0x1aca0000)
  eden space 35072K,   0% used [0x10200000, 0x10200000, 0x12440000)
  from space 4352K, 100% used [0x12880000, 0x12cc0000, 0x12cc0000)
  to   space 4352K,   0% used [0x12440000, 0x12440000, 0x12880000)
 tenured generation   total 87424K, used 37335K [0x1aca0000, 0x20200000, 0x30200000)
   the space 87424K,  42% used [0x1aca0000, 0x1d115d00, 0x1d115e00, 0x20200000)
 Metaspace       used 17100K, capacity 17485K, committed 17664K, reserved 17792K
}
Event: 22.652 GC heap before
{Heap before GC invocations=8 (full 1):
 def new generation   total 39424K, used 39424K [0x10200000, 0x12cc0000, 0x1aca0000)
  eden space 35072K, 100% used [0x10200000, 0x12440000, 0x12440000)
  from space 4352K, 100% used [0x12880000, 0x12cc0000, 0x12cc0000)
  to   space 4352K,   0% used [0x12440000, 0x12440000, 0x12880000)
 tenured generation   total 87424K, used 37335K [0x1aca0000, 0x20200000, 0x30200000)
   the space 87424K,  42% used [0x1aca0000, 0x1d115d00, 0x1d115e00, 0x20200000)
 Metaspace       used 17873K, capacity 18298K, committed 18432K, reserved 18816K
Event: 22.667 GC heap after
Heap after GC invocations=9 (full 1):
 def new generation   total 39424K, used 4352K [0x10200000, 0x12cc0000, 0x1aca0000)
  eden space 35072K,   0% used [0x10200000, 0x10200000, 0x12440000)
  from space 4352K, 100% used [0x12440000, 0x12880000, 0x12880000)
  to   space 4352K,   0% used [0x12880000, 0x12880000, 0x12cc0000)
 tenured generation   total 87424K, used 49012K [0x1aca0000, 0x20200000, 0x30200000)
   the space 87424K,  56% used [0x1aca0000, 0x1dc7d3d0, 0x1dc7d400, 0x20200000)
 Metaspace       used 17873K, capacity 18298K, committed 18432K, reserved 18816K
}
Event: 78.071 GC heap before
{Heap before GC invocations=9 (full 1):
 def new generation   total 39424K, used 39413K [0x10200000, 0x12cc0000, 0x1aca0000)
  eden space 35072K,  99% used [0x10200000, 0x1243d588, 0x12440000)
  from space 4352K, 100% used [0x12440000, 0x12880000, 0x12880000)
  to   space 4352K,   0% used [0x12880000, 0x12880000, 0x12cc0000)
 tenured generation   total 87424K, used 49012K [0x1aca0000, 0x20200000, 0x30200000)
   the space 87424K,  56% used [0x1aca0000, 0x1dc7d3d0, 0x1dc7d400, 0x20200000)
 Metaspace       used 18659K, capacity 19124K, committed 19200K, reserved 19840K
Event: 78.082 GC heap after
Heap after GC invocations=10 (full 1):
 def new generation   total 39424K, used 2103K [0x10200000, 0x12cc0000, 0x1aca0000)
  eden space 35072K,   0% used [0x10200000, 0x10200000, 0x12440000)
  from space 4352K,  48% used [0x12880000, 0x12a8de70, 0x12cc0000)
  to   space 4352K,   0% used [0x12440000, 0x12440000, 0x12880000)
 tenured generation   total 87424K, used 52774K [0x1aca0000, 0x20200000, 0x30200000)
   the space 87424K,  60% used [0x1aca0000, 0x1e029b98, 0x1e029c00, 0x20200000)
 Metaspace       used 18659K, capacity 19124K, committed 19200K, reserved 19840K
}
Event: 1937.075 GC heap before
{Heap before GC invocations=10 (full 1):
 def new generation   total 39424K, used 37175K [0x10200000, 0x12cc0000, 0x1aca0000)
  eden space 35072K, 100% used [0x10200000, 0x12440000, 0x12440000)
  from space 4352K,  48% used [0x12880000, 0x12a8de70, 0x12cc0000)
  to   space 4352K,   0% used [0x12440000, 0x12440000, 0x12880000)
 tenured generation   total 87424K, used 52774K [0x1aca0000, 0x20200000, 0x30200000)
   the space 87424K,  60% used [0x1aca0000, 0x1e029b98, 0x1e029c00, 0x20200000)
 Metaspace       used 18663K, capacity 19126K, committed 19200K, reserved 19840K
Event: 1937.098 GC heap after
Heap after GC invocations=11 (full 1):
 def new generation   total 39424K, used 1888K [0x10200000, 0x12cc0000, 0x1aca0000)
  eden space 35072K,   0% used [0x10200000, 0x10200000, 0x12440000)
  from space 4352K,  43% used [0x12440000, 0x126181f8, 0x12880000)
  to   space 4352K,   0% used [0x12880000, 0x12880000, 0x12cc0000)
 tenured generation   total 87424K, used 52774K [0x1aca0000, 0x20200000, 0x30200000)
   the space 87424K,  60% used [0x1aca0000, 0x1e029b98, 0x1e029c00, 0x20200000)
 Metaspace       used 18663K, capacity 19126K, committed 19200K, reserved 19840K
}
Event: 4907.999 GC heap before
{Heap before GC invocations=11 (full 1):
 def new generation   total 39424K, used 36960K [0x10200000, 0x12cc0000, 0x1aca0000)
  eden space 35072K, 100% used [0x10200000, 0x12440000, 0x12440000)
  from space 4352K,  43% used [0x12440000, 0x126181f8, 0x12880000)
  to   space 4352K,   0% used [0x12880000, 0x12880000, 0x12cc0000)
 tenured generation   total 87424K, used 52774K [0x1aca0000, 0x20200000, 0x30200000)
   the space 87424K,  60% used [0x1aca0000, 0x1e029b98, 0x1e029c00, 0x20200000)
 Metaspace       used 18663K, capacity 19126K, committed 19200K, reserved 19840K
Event: 4908.028 GC heap after
Heap after GC invocations=12 (full 1):
 def new generation   total 39424K, used 1482K [0x10200000, 0x12cc0000, 0x1aca0000)
  eden space 35072K,   0% used [0x10200000, 0x10200000, 0x12440000)
  from space 4352K,  34% used [0x12880000, 0x129f2988, 0x12cc0000)
  to   space 4352K,   0% used [0x12440000, 0x12440000, 0x12880000)
 tenured generation   total 87424K, used 52774K [0x1aca0000, 0x20200000, 0x30200000)
   the space 87424K,  60% used [0x1aca0000, 0x1e029b98, 0x1e029c00, 0x20200000)
 Metaspace       used 18663K, capacity 19126K, committed 19200K, reserved 19840K
}

